<?xml version="1.0" encoding="UTF-8"?>
<!-- Generated by org.testng.reporters.JUnitXMLReporter -->
<testsuite hostname="PC4155" name="Windows 8.1, Chrome 53.0.2785.116" tests="2" failures="0" timestamp="21 Oct 2016 04:35:17 GMT" time="29.149" errors="0">
  <testcase name="loginTest" time="1.982" classname="com.globalchk.tests.LoginTestAdmin"/>
  <testcase name="addUserAdminReading" time="6.852" classname="com.globalchk.tests.LoginTestAdmin"/>
</testsuite> <!-- Windows 8.1, Chrome 53.0.2785.116 -->
