<?xml version="1.0" encoding="UTF-8"?>
<!-- Generated by org.testng.reporters.JUnitXMLReporter -->
<testsuite hostname="HP" name="Windows 8.1, Chrome 53.0.2785.116" tests="2" failures="0" timestamp="15 Oct 2016 18:03:43 GMT" time="84.255" errors="0">
  <testcase name="loginTest" time="0.787" classname="com.globalchk.tests.LoginTestAdmin"/>
  <testcase name="addUserAdminReading" time="26.336" classname="com.globalchk.tests.LoginTestAdmin"/>
</testsuite> <!-- Windows 8.1, Chrome 53.0.2785.116 -->
