<?xml version="1.0" encoding="UTF-8"?>
<testng-results skipped="0" failed="0" total="2" passed="2">
  <reporter-output>
  </reporter-output>
  <suite name="Suite" duration-ms="25340" started-at="2016-10-13T13:29:14Z" finished-at="2016-10-13T13:29:39Z">
    <groups>
    </groups>
    <test name="Windows 8.1, Chrome 53.0.2785.116" duration-ms="25340" started-at="2016-10-13T13:29:14Z" finished-at="2016-10-13T13:29:39Z">
      <class name="com.globalchk.tests.LoginTestAdmin">
        <test-method status="PASS" signature="setUp()[pri:0, instance:com.globalchk.tests.LoginTestAdmin@6093dd95]" name="setUp" is-config="true" duration-ms="14103" started-at="2016-10-13T18:59:14Z" finished-at="2016-10-13T18:59:28Z">
          <reporter-output>
          </reporter-output>
        </test-method> <!-- setUp -->
        <test-method status="PASS" signature="loginTest()[pri:1, instance:com.globalchk.tests.LoginTestAdmin@6093dd95]" name="loginTest" duration-ms="530" started-at="2016-10-13T18:59:28Z" finished-at="2016-10-13T18:59:29Z">
          <reporter-output>
          </reporter-output>
        </test-method> <!-- loginTest -->
        <test-method status="PASS" signature="addUserAdminReading()[pri:2, instance:com.globalchk.tests.LoginTestAdmin@6093dd95]" name="addUserAdminReading" duration-ms="10668" started-at="2016-10-13T18:59:29Z" finished-at="2016-10-13T18:59:39Z">
          <reporter-output>
          </reporter-output>
        </test-method> <!-- addUserAdminReading -->
      </class> <!-- com.globalchk.tests.LoginTestAdmin -->
    </test> <!-- Windows 8.1, Chrome 53.0.2785.116 -->
  </suite> <!-- Suite -->
</testng-results>
